{
  "/home/ils15/teste_dir/open3dcalc/src/lib/calculator.ts": {
    "path": "/home/ils15/teste_dir/open3dcalc/src/lib/calculator.ts",
    "statementMap": {
      "0": {
        "start": { "line": 21, "column": 27 },
        "end": { "line": 21, "column": null }
      },
      "1": {
        "start": { "line": 22, "column": 25 },
        "end": { "line": 22, "column": null }
      },
      "2": {
        "start": { "line": 23, "column": 26 },
        "end": { "line": 23, "column": null }
      },
      "3": {
        "start": { "line": 24, "column": 19 },
        "end": { "line": 24, "column": null }
      },
      "4": {
        "start": { "line": 26, "column": 29 },
        "end": { "line": 26, "column": null }
      },
      "5": {
        "start": { "line": 28, "column": 28 },
        "end": { "line": 28, "column": null }
      },
      "6": {
        "start": { "line": 29, "column": 2 },
        "end": { "line": 31, "column": null }
      },
      "7": {
        "start": { "line": 30, "column": 4 },
        "end": { "line": 30, "column": null }
      },
      "8": {
        "start": { "line": 33, "column": 21 },
        "end": { "line": 33, "column": null }
      },
      "9": {
        "start": { "line": 34, "column": 2 },
        "end": { "line": 42, "column": null }
      },
      "10": {
        "start": { "line": 35, "column": 27 },
        "end": { "line": 35, "column": null }
      },
      "11": {
        "start": { "line": 36, "column": 31 },
        "end": { "line": 36, "column": null }
      },
      "12": {
        "start": { "line": 37, "column": 28 },
        "end": { "line": 37, "column": null }
      },
      "13": {
        "start": { "line": 38, "column": 4 },
        "end": { "line": 40, "column": null }
      },
      "14": {
        "start": { "line": 39, "column": 6 },
        "end": { "line": 39, "column": null }
      },
      "15": {
        "start": { "line": 41, "column": 4 },
        "end": { "line": 41, "column": null }
      },
      "16": {
        "start": { "line": 44, "column": 22 },
        "end": { "line": 44, "column": null }
      },
      "17": {
        "start": { "line": 45, "column": 2 },
        "end": { "line": 57, "column": null }
      },
      "18": {
        "start": { "line": 46, "column": 29 },
        "end": { "line": 46, "column": null }
      },
      "19": {
        "start": { "line": 47, "column": 4 },
        "end": { "line": 51, "column": null }
      },
      "20": {
        "start": { "line": 48, "column": 6 },
        "end": { "line": 50, "column": null }
      },
      "21": {
        "start": { "line": 52, "column": 18 },
        "end": { "line": 52, "column": null }
      },
      "22": {
        "start": { "line": 53, "column": 4 },
        "end": { "line": 55, "column": null }
      },
      "23": {
        "start": { "line": 54, "column": 6 },
        "end": { "line": 54, "column": null }
      },
      "24": {
        "start": { "line": 56, "column": 4 },
        "end": { "line": 56, "column": null }
      },
      "25": {
        "start": { "line": 59, "column": 18 },
        "end": { "line": 59, "column": null }
      },
      "26": {
        "start": { "line": 61, "column": 19 },
        "end": { "line": 61, "column": null }
      },
      "27": {
        "start": { "line": 62, "column": 2 },
        "end": { "line": 65, "column": null }
      },
      "28": {
        "start": { "line": 63, "column": 25 },
        "end": { "line": 63, "column": null }
      },
      "29": {
        "start": { "line": 64, "column": 4 },
        "end": { "line": 64, "column": null }
      },
      "30": {
        "start": { "line": 67, "column": 22 },
        "end": { "line": 67, "column": null }
      },
      "31": {
        "start": { "line": 68, "column": 2 },
        "end": { "line": 71, "column": null }
      },
      "32": {
        "start": { "line": 69, "column": 27 },
        "end": { "line": 69, "column": null }
      },
      "33": {
        "start": { "line": 70, "column": 4 },
        "end": { "line": 70, "column": null }
      },
      "34": {
        "start": { "line": 73, "column": 25 },
        "end": { "line": 73, "column": null }
      },
      "35": {
        "start": { "line": 75, "column": 20 },
        "end": { "line": 75, "column": null }
      },
      "36": {
        "start": { "line": 76, "column": 2 },
        "end": { "line": 81, "column": null }
      },
      "37": {
        "start": { "line": 77, "column": 28 },
        "end": { "line": 77, "column": null }
      },
      "38": {
        "start": { "line": 78, "column": 4 },
        "end": { "line": 78, "column": null }
      },
      "39": {
        "start": { "line": 79, "column": 9 },
        "end": { "line": 81, "column": null }
      },
      "40": {
        "start": { "line": 80, "column": 4 },
        "end": { "line": 80, "column": null }
      },
      "41": {
        "start": { "line": 83, "column": 24 },
        "end": { "line": 83, "column": null }
      },
      "42": {
        "start": { "line": 85, "column": 26 },
        "end": { "line": 85, "column": null }
      },
      "43": {
        "start": { "line": 86, "column": 26 },
        "end": { "line": 86, "column": null }
      },
      "44": {
        "start": { "line": 88, "column": 8 },
        "end": { "line": 88, "column": null }
      },
      "45": {
        "start": { "line": 90, "column": 20 },
        "end": { "line": 92, "column": null }
      },
      "46": {
        "start": { "line": 94, "column": 20 },
        "end": { "line": 94, "column": null }
      },
      "47": {
        "start": { "line": 95, "column": 25 },
        "end": { "line": 95, "column": null }
      },
      "48": {
        "start": { "line": 96, "column": 22 },
        "end": { "line": 96, "column": null }
      },
      "49": {
        "start": { "line": 98, "column": 22 },
        "end": { "line": 98, "column": null }
      },
      "50": {
        "start": { "line": 99, "column": 21 },
        "end": { "line": 99, "column": null }
      },
      "51": {
        "start": { "line": 100, "column": 25 },
        "end": { "line": 100, "column": null }
      },
      "52": {
        "start": { "line": 101, "column": 23 },
        "end": { "line": 101, "column": null }
      },
      "53": {
        "start": { "line": 103, "column": 2 },
        "end": { "line": 127, "column": null }
      },
      "54": {
        "start": { "line": 143, "column": 26 },
        "end": { "line": 143, "column": null }
      },
      "55": {
        "start": { "line": 144, "column": 19 },
        "end": { "line": 144, "column": null }
      },
      "56": {
        "start": { "line": 146, "column": 29 },
        "end": { "line": 146, "column": null }
      },
      "57": {
        "start": { "line": 148, "column": 28 },
        "end": { "line": 148, "column": null }
      },
      "58": {
        "start": { "line": 149, "column": 2 },
        "end": { "line": 151, "column": null }
      },
      "59": {
        "start": { "line": 150, "column": 4 },
        "end": { "line": 150, "column": null }
      },
      "60": {
        "start": { "line": 152, "column": 2 },
        "end": { "line": 155, "column": null }
      },
      "61": {
        "start": { "line": 153, "column": 23 },
        "end": { "line": 153, "column": null }
      },
      "62": {
        "start": { "line": 154, "column": 4 },
        "end": { "line": 154, "column": null }
      },
      "63": {
        "start": { "line": 157, "column": 21 },
        "end": { "line": 157, "column": null }
      },
      "64": {
        "start": { "line": 158, "column": 2 },
        "end": { "line": 166, "column": null }
      },
      "65": {
        "start": { "line": 159, "column": 27 },
        "end": { "line": 159, "column": null }
      },
      "66": {
        "start": { "line": 160, "column": 31 },
        "end": { "line": 160, "column": null }
      },
      "67": {
        "start": { "line": 161, "column": 28 },
        "end": { "line": 161, "column": null }
      },
      "68": {
        "start": { "line": 162, "column": 4 },
        "end": { "line": 164, "column": null }
      },
      "69": {
        "start": { "line": 163, "column": 6 },
        "end": { "line": 163, "column": null }
      },
      "70": {
        "start": { "line": 165, "column": 4 },
        "end": { "line": 165, "column": null }
      },
      "71": {
        "start": { "line": 168, "column": 22 },
        "end": { "line": 168, "column": null }
      },
      "72": {
        "start": { "line": 169, "column": 2 },
        "end": { "line": 174, "column": null }
      },
      "73": {
        "start": { "line": 170, "column": 22 },
        "end": { "line": 170, "column": null }
      },
      "74": {
        "start": { "line": 171, "column": 20 },
        "end": { "line": 171, "column": null }
      },
      "75": {
        "start": { "line": 172, "column": 24 },
        "end": { "line": 172, "column": null }
      },
      "76": {
        "start": { "line": 173, "column": 4 },
        "end": { "line": 173, "column": null }
      },
      "77": {
        "start": { "line": 176, "column": 18 },
        "end": { "line": 176, "column": null }
      },
      "78": {
        "start": { "line": 178, "column": 19 },
        "end": { "line": 178, "column": null }
      },
      "79": {
        "start": { "line": 179, "column": 2 },
        "end": { "line": 182, "column": null }
      },
      "80": {
        "start": { "line": 180, "column": 25 },
        "end": { "line": 180, "column": null }
      },
      "81": {
        "start": { "line": 181, "column": 4 },
        "end": { "line": 181, "column": null }
      },
      "82": {
        "start": { "line": 184, "column": 22 },
        "end": { "line": 184, "column": null }
      },
      "83": {
        "start": { "line": 185, "column": 2 },
        "end": { "line": 188, "column": null }
      },
      "84": {
        "start": { "line": 186, "column": 27 },
        "end": { "line": 186, "column": null }
      },
      "85": {
        "start": { "line": 187, "column": 4 },
        "end": { "line": 187, "column": null }
      },
      "86": {
        "start": { "line": 190, "column": 25 },
        "end": { "line": 190, "column": null }
      },
      "87": {
        "start": { "line": 192, "column": 20 },
        "end": { "line": 192, "column": null }
      },
      "88": {
        "start": { "line": 193, "column": 2 },
        "end": { "line": 198, "column": null }
      },
      "89": {
        "start": { "line": 194, "column": 28 },
        "end": { "line": 194, "column": null }
      },
      "90": {
        "start": { "line": 195, "column": 4 },
        "end": { "line": 195, "column": null }
      },
      "91": {
        "start": { "line": 196, "column": 9 },
        "end": { "line": 198, "column": null }
      },
      "92": {
        "start": { "line": 197, "column": 4 },
        "end": { "line": 197, "column": null }
      },
      "93": {
        "start": { "line": 200, "column": 24 },
        "end": { "line": 200, "column": null }
      },
      "94": {
        "start": { "line": 202, "column": 26 },
        "end": { "line": 202, "column": null }
      },
      "95": {
        "start": { "line": 203, "column": 26 },
        "end": { "line": 203, "column": null }
      },
      "96": {
        "start": { "line": 205, "column": 8 },
        "end": { "line": 205, "column": null }
      },
      "97": {
        "start": { "line": 207, "column": 20 },
        "end": { "line": 209, "column": null }
      },
      "98": {
        "start": { "line": 211, "column": 20 },
        "end": { "line": 211, "column": null }
      },
      "99": {
        "start": { "line": 212, "column": 25 },
        "end": { "line": 212, "column": null }
      },
      "100": {
        "start": { "line": 213, "column": 22 },
        "end": { "line": 213, "column": null }
      },
      "101": {
        "start": { "line": 215, "column": 22 },
        "end": { "line": 215, "column": null }
      },
      "102": {
        "start": { "line": 216, "column": 22 },
        "end": { "line": 216, "column": null }
      },
      "103": {
        "start": { "line": 217, "column": 25 },
        "end": { "line": 217, "column": null }
      },
      "104": {
        "start": { "line": 218, "column": 23 },
        "end": { "line": 218, "column": null }
      },
      "105": {
        "start": { "line": 220, "column": 2 },
        "end": { "line": 244, "column": null }
      },
      "106": {
        "start": { "line": 253, "column": 20 },
        "end": { "line": 253, "column": null }
      },
      "107": {
        "start": { "line": 254, "column": 25 },
        "end": { "line": 254, "column": null }
      },
      "108": {
        "start": { "line": 255, "column": 17 },
        "end": { "line": 255, "column": null }
      },
      "109": {
        "start": { "line": 256, "column": 23 },
        "end": { "line": 256, "column": null }
      },
      "110": {
        "start": { "line": 257, "column": 2 },
        "end": { "line": 257, "column": null }
      },
      "111": {
        "start": { "line": 264, "column": 18 },
        "end": { "line": 264, "column": null }
      },
      "112": {
        "start": { "line": 265, "column": 15 },
        "end": { "line": 265, "column": null }
      },
      "113": {
        "start": { "line": 266, "column": 17 },
        "end": { "line": 266, "column": null }
      },
      "114": {
        "start": { "line": 267, "column": 2 },
        "end": { "line": 267, "column": null }
      },
      "115": {
        "start": { "line": 274, "column": 18 },
        "end": { "line": 274, "column": null }
      },
      "116": {
        "start": { "line": 275, "column": 25 },
        "end": { "line": 275, "column": null }
      },
      "117": {
        "start": { "line": 276, "column": 2 },
        "end": { "line": 280, "column": null }
      },
      "118": {
        "start": { "line": 290, "column": 8 },
        "end": { "line": 290, "column": null }
      },
      "119": {
        "start": { "line": 291, "column": 22 },
        "end": { "line": 291, "column": null }
      },
      "120": {
        "start": { "line": 292, "column": 17 },
        "end": { "line": 292, "column": null }
      },
      "121": {
        "start": { "line": 293, "column": 16 },
        "end": { "line": 293, "column": null }
      },
      "122": {
        "start": { "line": 294, "column": 21 },
        "end": { "line": 294, "column": null }
      },
      "123": {
        "start": { "line": 295, "column": 2 },
        "end": { "line": 295, "column": null }
      }
    },
    "fnMap": {
      "0": {
        "name": "calculateFDM",
        "decl": {
          "start": { "line": 8, "column": 16 },
          "end": { "line": 8, "column": null }
        },
        "loc": {
          "start": { "line": 20, "column": 21 },
          "end": { "line": 128, "column": null }
        },
        "line": 20
      },
      "1": {
        "name": "calculateResin",
        "decl": {
          "start": { "line": 130, "column": 16 },
          "end": { "line": 130, "column": null }
        },
        "loc": {
          "start": { "line": 142, "column": 21 },
          "end": { "line": 245, "column": null }
        },
        "line": 142
      },
      "2": {
        "name": "calculateReverseMargin",
        "decl": {
          "start": { "line": 247, "column": 16 },
          "end": { "line": 247, "column": null }
        },
        "loc": {
          "start": { "line": 252, "column": 87 },
          "end": { "line": 258, "column": null }
        },
        "line": 252
      },
      "3": {
        "name": "calculateMonthlyProjection",
        "decl": {
          "start": { "line": 260, "column": 16 },
          "end": { "line": 260, "column": null }
        },
        "loc": {
          "start": { "line": 263, "column": 75 },
          "end": { "line": 268, "column": null }
        },
        "line": 263
      },
      "4": {
        "name": "calculatePrintVsBuy",
        "decl": {
          "start": { "line": 270, "column": 16 },
          "end": { "line": 270, "column": null }
        },
        "loc": {
          "start": { "line": 273, "column": 73 },
          "end": { "line": 281, "column": null }
        },
        "line": 273
      },
      "5": {
        "name": "calculateInfillImpact",
        "decl": {
          "start": { "line": 283, "column": 16 },
          "end": { "line": 283, "column": null }
        },
        "loc": {
          "start": { "line": 289, "column": 56 },
          "end": { "line": 296, "column": null }
        },
        "line": 289
      }
    },
    "branchMap": {
      "0": {
        "loc": {
          "start": { "line": 19, "column": 2 },
          "end": { "line": 19, "column": null }
        },
        "type": "default-arg",
        "locations": [
          {
            "start": { "line": 19, "column": 21 },
            "end": { "line": 19, "column": null }
          }
        ],
        "line": 19
      },
      "1": {
        "loc": {
          "start": { "line": 21, "column": 27 },
          "end": { "line": 21, "column": null }
        },
        "type": "cond-expr",
        "locations": [
          {
            "start": { "line": 21, "column": 54 },
            "end": { "line": 21, "column": 83 }
          },
          {
            "start": { "line": 21, "column": 83 },
            "end": { "line": 21, "column": null }
          }
        ],
        "line": 21
      },
      "2": {
        "loc": {
          "start": { "line": 29, "column": 2 },
          "end": { "line": 31, "column": null }
        },
        "type": "if",
        "locations": [
          {
            "start": { "line": 29, "column": 2 },
            "end": { "line": 31, "column": null }
          },
          { "start": {}, "end": {} }
        ],
        "line": 29
      },
      "3": {
        "loc": {
          "start": { "line": 34, "column": 2 },
          "end": { "line": 42, "column": null }
        },
        "type": "if",
        "locations": [
          {
            "start": { "line": 34, "column": 2 },
            "end": { "line": 42, "column": null }
          },
          { "start": {}, "end": {} }
        ],
        "line": 34
      },
      "4": {
        "loc": {
          "start": { "line": 36, "column": 31 },
          "end": { "line": 36, "column": null }
        },
        "type": "cond-expr",
        "locations": [
          {
            "start": { "line": 36, "column": 52 },
            "end": { "line": 36, "column": 91 }
          },
          {
            "start": { "line": 36, "column": 91 },
            "end": { "line": 36, "column": null }
          }
        ],
        "line": 36
      },
      "5": {
        "loc": {
          "start": { "line": 38, "column": 4 },
          "end": { "line": 40, "column": null }
        },
        "type": "if",
        "locations": [
          {
            "start": { "line": 38, "column": 4 },
            "end": { "line": 40, "column": null }
          },
          { "start": {}, "end": {} }
        ],
        "line": 38
      },
      "6": {
        "loc": {
          "start": { "line": 39, "column": 26 },
          "end": { "line": 39, "column": null }
        },
        "type": "cond-expr",
        "locations": [
          {
            "start": { "line": 39, "column": 54 },
            "end": { "line": 39, "column": 104 }
          },
          {
            "start": { "line": 39, "column": 104 },
            "end": { "line": 39, "column": null }
          }
        ],
        "line": 39
      },
      "7": {
        "loc": {
          "start": { "line": 45, "column": 2 },
          "end": { "line": 57, "column": null }
        },
        "type": "if",
        "locations": [
          {
            "start": { "line": 45, "column": 2 },
            "end": { "line": 57, "column": null }
          },
          { "start": {}, "end": {} }
        ],
        "line": 45
      },
      "8": {
        "loc": {
          "start": { "line": 47, "column": 4 },
          "end": { "line": 51, "column": null }
        },
        "type": "if",
        "locations": [
          {
            "start": { "line": 47, "column": 4 },
            "end": { "line": 51, "column": null }
          },
          { "start": {}, "end": {} }
        ],
        "line": 47
      },
      "9": {
        "loc": {
          "start": { "line": 48, "column": 27 },
          "end": { "line": 50, "column": null }
        },
        "type": "cond-expr",
        "locations": [
          {
            "start": { "line": 49, "column": 11 },
            "end": { "line": 49, "column": null }
          },
          {
            "start": { "line": 50, "column": 10 },
            "end": { "line": 50, "column": null }
          }
        ],
        "line": 48
      },
      "10": {
        "loc": {
          "start": { "line": 53, "column": 4 },
          "end": { "line": 55, "column": null }
        },
        "type": "if",
        "locations": [
          {
            "start": { "line": 53, "column": 4 },
            "end": { "line": 55, "column": null }
          },
          { "start": {}, "end": {} }
        ],
        "line": 53
      },
      "11": {
        "loc": {
          "start": { "line": 59, "column": 18 },
          "end": { "line": 59, "column": null }
        },
        "type": "cond-expr",
        "locations": [
          {
            "start": { "line": 59, "column": 32 },
            "end": { "line": 59, "column": 54 }
          },
          {
            "start": { "line": 59, "column": 54 },
            "end": { "line": 59, "column": null }
          }
        ],
        "line": 59
      },
      "12": {
        "loc": {
          "start": { "line": 62, "column": 2 },
          "end": { "line": 65, "column": null }
        },
        "type": "if",
        "locations": [
          {
            "start": { "line": 62, "column": 2 },
            "end": { "line": 65, "column": null }
          },
          { "start": {}, "end": {} }
        ],
        "line": 62
      },
      "13": {
        "loc": {
          "start": { "line": 68, "column": 2 },
          "end": { "line": 71, "column": null }
        },
        "type": "if",
        "locations": [
          {
            "start": { "line": 68, "column": 2 },
            "end": { "line": 71, "column": null }
          },
          { "start": {}, "end": {} }
        ],
        "line": 68
      },
      "14": {
        "loc": {
          "start": { "line": 69, "column": 27 },
          "end": { "line": 69, "column": null }
        },
        "type": "cond-expr",
        "locations": [
          {
            "start": { "line": 69, "column": 55 },
            "end": { "line": 69, "column": 104 }
          },
          {
            "start": { "line": 69, "column": 104 },
            "end": { "line": 69, "column": null }
          }
        ],
        "line": 69
      },
      "15": {
        "loc": {
          "start": { "line": 76, "column": 2 },
          "end": { "line": 81, "column": null }
        },
        "type": "if",
        "locations": [
          {
            "start": { "line": 76, "column": 2 },
            "end": { "line": 81, "column": null }
          },
          {
            "start": { "line": 79, "column": 9 },
            "end": { "line": 81, "column": null }
          }
        ],
        "line": 76
      },
      "16": {
        "loc": {
          "start": { "line": 77, "column": 50 },
          "end": { "line": 77, "column": null }
        },
        "type": "binary-expr",
        "locations": [
          {
            "start": { "line": 77, "column": 50 },
            "end": { "line": 77, "column": 74 }
          },
          {
            "start": { "line": 77, "column": 74 },
            "end": { "line": 77, "column": null }
          }
        ],
        "line": 77
      },
      "17": {
        "loc": {
          "start": { "line": 79, "column": 9 },
          "end": { "line": 81, "column": null }
        },
        "type": "if",
        "locations": [
          {
            "start": { "line": 79, "column": 9 },
            "end": { "line": 81, "column": null }
          },
          { "start": {}, "end": {} }
        ],
        "line": 79
      },
      "18": {
        "loc": {
          "start": { "line": 90, "column": 20 },
          "end": { "line": 92, "column": null }
        },
        "type": "cond-expr",
        "locations": [
          {
            "start": { "line": 91, "column": 6 },
            "end": { "line": 91, "column": null }
          },
          {
            "start": { "line": 92, "column": 6 },
            "end": { "line": 92, "column": null }
          }
        ],
        "line": 90
      },
      "19": {
        "loc": {
          "start": { "line": 98, "column": 22 },
          "end": { "line": 98, "column": null }
        },
        "type": "cond-expr",
        "locations": [
          {
            "start": { "line": 98, "column": 44 },
            "end": { "line": 98, "column": 72 }
          },
          {
            "start": { "line": 98, "column": 72 },
            "end": { "line": 98, "column": null }
          }
        ],
        "line": 98
      },
      "20": {
        "loc": {
          "start": { "line": 101, "column": 23 },
          "end": { "line": 101, "column": null }
        },
        "type": "cond-expr",
        "locations": [
          {
            "start": { "line": 101, "column": 35 },
            "end": { "line": 101, "column": 118 }
          },
          {
            "start": { "line": 101, "column": 118 },
            "end": { "line": 101, "column": null }
          }
        ],
        "line": 101
      },
      "21": {
        "loc": {
          "start": { "line": 141, "column": 2 },
          "end": { "line": 141, "column": null }
        },
        "type": "default-arg",
        "locations": [
          {
            "start": { "line": 141, "column": 21 },
            "end": { "line": 141, "column": null }
          }
        ],
        "line": 141
      },
      "22": {
        "loc": {
          "start": { "line": 149, "column": 2 },
          "end": { "line": 151, "column": null }
        },
        "type": "if",
        "locations": [
          {
            "start": { "line": 149, "column": 2 },
            "end": { "line": 151, "column": null }
          },
          { "start": {}, "end": {} }
        ],
        "line": 149
      },
      "23": {
        "loc": {
          "start": { "line": 152, "column": 2 },
          "end": { "line": 155, "column": null }
        },
        "type": "if",
        "locations": [
          {
            "start": { "line": 152, "column": 2 },
            "end": { "line": 155, "column": null }
          },
          { "start": {}, "end": {} }
        ],
        "line": 152
      },
      "24": {
        "loc": {
          "start": { "line": 158, "column": 2 },
          "end": { "line": 166, "column": null }
        },
        "type": "if",
        "locations": [
          {
            "start": { "line": 158, "column": 2 },
            "end": { "line": 166, "column": null }
          },
          { "start": {}, "end": {} }
        ],
        "line": 158
      },
      "25": {
        "loc": {
          "start": { "line": 160, "column": 31 },
          "end": { "line": 160, "column": null }
        },
        "type": "cond-expr",
        "locations": [
          {
            "start": { "line": 160, "column": 52 },
            "end": { "line": 160, "column": 91 }
          },
          {
            "start": { "line": 160, "column": 91 },
            "end": { "line": 160, "column": null }
          }
        ],
        "line": 160
      },
      "26": {
        "loc": {
          "start": { "line": 162, "column": 4 },
          "end": { "line": 164, "column": null }
        },
        "type": "if",
        "locations": [
          {
            "start": { "line": 162, "column": 4 },
            "end": { "line": 164, "column": null }
          },
          { "start": {}, "end": {} }
        ],
        "line": 162
      },
      "27": {
        "loc": {
          "start": { "line": 163, "column": 26 },
          "end": { "line": 163, "column": null }
        },
        "type": "cond-expr",
        "locations": [
          {
            "start": { "line": 163, "column": 54 },
            "end": { "line": 163, "column": 104 }
          },
          {
            "start": { "line": 163, "column": 104 },
            "end": { "line": 163, "column": null }
          }
        ],
        "line": 163
      },
      "28": {
        "loc": {
          "start": { "line": 169, "column": 2 },
          "end": { "line": 174, "column": null }
        },
        "type": "if",
        "locations": [
          {
            "start": { "line": 169, "column": 2 },
            "end": { "line": 174, "column": null }
          },
          { "start": {}, "end": {} }
        ],
        "line": 169
      },
      "29": {
        "loc": {
          "start": { "line": 170, "column": 22 },
          "end": { "line": 170, "column": null }
        },
        "type": "cond-expr",
        "locations": [
          {
            "start": { "line": 170, "column": 53 },
            "end": { "line": 170, "column": 98 }
          },
          {
            "start": { "line": 170, "column": 98 },
            "end": { "line": 170, "column": null }
          }
        ],
        "line": 170
      },
      "30": {
        "loc": {
          "start": { "line": 172, "column": 24 },
          "end": { "line": 172, "column": null }
        },
        "type": "cond-expr",
        "locations": [
          {
            "start": { "line": 172, "column": 56 },
            "end": { "line": 172, "column": 102 }
          },
          {
            "start": { "line": 172, "column": 102 },
            "end": { "line": 172, "column": null }
          }
        ],
        "line": 172
      },
      "31": {
        "loc": {
          "start": { "line": 176, "column": 18 },
          "end": { "line": 176, "column": null }
        },
        "type": "cond-expr",
        "locations": [
          {
            "start": { "line": 176, "column": 32 },
            "end": { "line": 176, "column": 54 }
          },
          {
            "start": { "line": 176, "column": 54 },
            "end": { "line": 176, "column": null }
          }
        ],
        "line": 176
      },
      "32": {
        "loc": {
          "start": { "line": 179, "column": 2 },
          "end": { "line": 182, "column": null }
        },
        "type": "if",
        "locations": [
          {
            "start": { "line": 179, "column": 2 },
            "end": { "line": 182, "column": null }
          },
          { "start": {}, "end": {} }
        ],
        "line": 179
      },
      "33": {
        "loc": {
          "start": { "line": 185, "column": 2 },
          "end": { "line": 188, "column": null }
        },
        "type": "if",
        "locations": [
          {
            "start": { "line": 185, "column": 2 },
            "end": { "line": 188, "column": null }
          },
          { "start": {}, "end": {} }
        ],
        "line": 185
      },
      "34": {
        "loc": {
          "start": { "line": 186, "column": 27 },
          "end": { "line": 186, "column": null }
        },
        "type": "cond-expr",
        "locations": [
          {
            "start": { "line": 186, "column": 55 },
            "end": { "line": 186, "column": 104 }
          },
          {
            "start": { "line": 186, "column": 104 },
            "end": { "line": 186, "column": null }
          }
        ],
        "line": 186
      },
      "35": {
        "loc": {
          "start": { "line": 193, "column": 2 },
          "end": { "line": 198, "column": null }
        },
        "type": "if",
        "locations": [
          {
            "start": { "line": 193, "column": 2 },
            "end": { "line": 198, "column": null }
          },
          {
            "start": { "line": 196, "column": 9 },
            "end": { "line": 198, "column": null }
          }
        ],
        "line": 193
      },
      "36": {
        "loc": {
          "start": { "line": 194, "column": 50 },
          "end": { "line": 194, "column": null }
        },
        "type": "binary-expr",
        "locations": [
          {
            "start": { "line": 194, "column": 50 },
            "end": { "line": 194, "column": 74 }
          },
          {
            "start": { "line": 194, "column": 74 },
            "end": { "line": 194, "column": null }
          }
        ],
        "line": 194
      },
      "37": {
        "loc": {
          "start": { "line": 196, "column": 9 },
          "end": { "line": 198, "column": null }
        },
        "type": "if",
        "locations": [
          {
            "start": { "line": 196, "column": 9 },
            "end": { "line": 198, "column": null }
          },
          { "start": {}, "end": {} }
        ],
        "line": 196
      },
      "38": {
        "loc": {
          "start": { "line": 207, "column": 20 },
          "end": { "line": 209, "column": null }
        },
        "type": "cond-expr",
        "locations": [
          {
            "start": { "line": 208, "column": 6 },
            "end": { "line": 208, "column": null }
          },
          {
            "start": { "line": 209, "column": 6 },
            "end": { "line": 209, "column": null }
          }
        ],
        "line": 207
      },
      "39": {
        "loc": {
          "start": { "line": 216, "column": 22 },
          "end": { "line": 216, "column": null }
        },
        "type": "cond-expr",
        "locations": [
          {
            "start": { "line": 216, "column": 55 },
            "end": { "line": 216, "column": 79 }
          },
          {
            "start": { "line": 216, "column": 79 },
            "end": { "line": 216, "column": null }
          }
        ],
        "line": 216
      },
      "40": {
        "loc": {
          "start": { "line": 216, "column": 22 },
          "end": { "line": 216, "column": 55 }
        },
        "type": "binary-expr",
        "locations": [
          {
            "start": { "line": 216, "column": 22 },
            "end": { "line": 216, "column": 37 }
          },
          {
            "start": { "line": 216, "column": 37 },
            "end": { "line": 216, "column": 55 }
          }
        ],
        "line": 216
      },
      "41": {
        "loc": {
          "start": { "line": 218, "column": 23 },
          "end": { "line": 218, "column": null }
        },
        "type": "cond-expr",
        "locations": [
          {
            "start": { "line": 218, "column": 35 },
            "end": { "line": 218, "column": 118 }
          },
          {
            "start": { "line": 218, "column": 118 },
            "end": { "line": 218, "column": null }
          }
        ],
        "line": 218
      },
      "42": {
        "loc": {
          "start": { "line": 256, "column": 23 },
          "end": { "line": 256, "column": null }
        },
        "type": "cond-expr",
        "locations": [
          {
            "start": { "line": 256, "column": 46 },
            "end": { "line": 256, "column": 80 }
          },
          {
            "start": { "line": 256, "column": 80 },
            "end": { "line": 256, "column": null }
          }
        ],
        "line": 256
      },
      "43": {
        "loc": {
          "start": { "line": 275, "column": 25 },
          "end": { "line": 275, "column": null }
        },
        "type": "cond-expr",
        "locations": [
          {
            "start": { "line": 275, "column": 41 },
            "end": { "line": 275, "column": 69 }
          },
          {
            "start": { "line": 275, "column": 69 },
            "end": { "line": 275, "column": null }
          }
        ],
        "line": 275
      },
      "44": {
        "loc": {
          "start": { "line": 277, "column": 13 },
          "end": { "line": 277, "column": null }
        },
        "type": "cond-expr",
        "locations": [
          {
            "start": { "line": 277, "column": 37 },
            "end": { "line": 277, "column": 47 }
          },
          {
            "start": { "line": 277, "column": 47 },
            "end": { "line": 277, "column": null }
          }
        ],
        "line": 277
      }
    },
    "s": {
      "0": 11,
      "1": 11,
      "2": 11,
      "3": 11,
      "4": 11,
      "5": 11,
      "6": 11,
      "7": 0,
      "8": 11,
      "9": 11,
      "10": 2,
      "11": 2,
      "12": 2,
      "13": 2,
      "14": 0,
      "15": 2,
      "16": 11,
      "17": 11,
      "18": 0,
      "19": 0,
      "20": 0,
      "21": 0,
      "22": 0,
      "23": 0,
      "24": 0,
      "25": 11,
      "26": 11,
      "27": 11,
      "28": 0,
      "29": 0,
      "30": 11,
      "31": 11,
      "32": 0,
      "33": 0,
      "34": 11,
      "35": 11,
      "36": 11,
      "37": 8,
      "38": 8,
      "39": 3,
      "40": 1,
      "41": 11,
      "42": 11,
      "43": 11,
      "44": 11,
      "45": 11,
      "46": 11,
      "47": 11,
      "48": 11,
      "49": 11,
      "50": 11,
      "51": 11,
      "52": 11,
      "53": 11,
      "54": 3,
      "55": 3,
      "56": 3,
      "57": 3,
      "58": 3,
      "59": 1,
      "60": 3,
      "61": 1,
      "62": 1,
      "63": 3,
      "64": 3,
      "65": 1,
      "66": 1,
      "67": 1,
      "68": 1,
      "69": 0,
      "70": 1,
      "71": 3,
      "72": 3,
      "73": 0,
      "74": 0,
      "75": 0,
      "76": 0,
      "77": 3,
      "78": 3,
      "79": 3,
      "80": 0,
      "81": 0,
      "82": 3,
      "83": 3,
      "84": 0,
      "85": 0,
      "86": 3,
      "87": 3,
      "88": 3,
      "89": 0,
      "90": 0,
      "91": 3,
      "92": 0,
      "93": 3,
      "94": 3,
      "95": 3,
      "96": 3,
      "97": 3,
      "98": 3,
      "99": 3,
      "100": 3,
      "101": 3,
      "102": 3,
      "103": 3,
      "104": 3,
      "105": 3,
      "106": 0,
      "107": 0,
      "108": 0,
      "109": 0,
      "110": 0,
      "111": 0,
      "112": 0,
      "113": 0,
      "114": 0,
      "115": 0,
      "116": 0,
      "117": 0,
      "118": 0,
      "119": 0,
      "120": 0,
      "121": 0,
      "122": 0,
      "123": 0
    },
    "f": { "0": 11, "1": 3, "2": 0, "3": 0, "4": 0, "5": 0 },
    "b": {
      "0": [11],
      "1": [11, 0],
      "2": [0, 11],
      "3": [2, 9],
      "4": [2, 0],
      "5": [0, 2],
      "6": [0, 0],
      "7": [0, 11],
      "8": [0, 0],
      "9": [0, 0],
      "10": [0, 0],
      "11": [0, 11],
      "12": [0, 11],
      "13": [0, 11],
      "14": [0, 0],
      "15": [8, 3],
      "16": [8, 0],
      "17": [1, 2],
      "18": [11, 0],
      "19": [10, 1],
      "20": [10, 1],
      "21": [3],
      "22": [1, 2],
      "23": [1, 2],
      "24": [1, 2],
      "25": [1, 0],
      "26": [0, 1],
      "27": [0, 0],
      "28": [0, 3],
      "29": [0, 0],
      "30": [0, 0],
      "31": [0, 3],
      "32": [0, 3],
      "33": [0, 3],
      "34": [0, 0],
      "35": [0, 3],
      "36": [0, 0],
      "37": [0, 3],
      "38": [3, 0],
      "39": [3, 0],
      "40": [3, 3],
      "41": [3, 0],
      "42": [0, 0],
      "43": [0, 0],
      "44": [0, 0]
    },
    "meta": {
      "lastBranch": 45,
      "lastFunction": 6,
      "lastStatement": 124,
      "seen": {
        "f:8:16:8:Infinity": 0,
        "b:19:21:19:Infinity": 0,
        "s:21:27:21:Infinity": 0,
        "b:21:54:21:83:21:83:21:Infinity": 1,
        "s:22:25:22:Infinity": 1,
        "s:23:26:23:Infinity": 2,
        "s:24:19:24:Infinity": 3,
        "s:26:29:26:Infinity": 4,
        "s:28:28:28:Infinity": 5,
        "b:29:2:31:Infinity:undefined:undefined:undefined:undefined": 2,
        "s:29:2:31:Infinity": 6,
        "s:30:4:30:Infinity": 7,
        "s:33:21:33:Infinity": 8,
        "b:34:2:42:Infinity:undefined:undefined:undefined:undefined": 3,
        "s:34:2:42:Infinity": 9,
        "s:35:27:35:Infinity": 10,
        "s:36:31:36:Infinity": 11,
        "b:36:52:36:91:36:91:36:Infinity": 4,
        "s:37:28:37:Infinity": 12,
        "b:38:4:40:Infinity:undefined:undefined:undefined:undefined": 5,
        "s:38:4:40:Infinity": 13,
        "s:39:6:39:Infinity": 14,
        "b:39:54:39:104:39:104:39:Infinity": 6,
        "s:41:4:41:Infinity": 15,
        "s:44:22:44:Infinity": 16,
        "b:45:2:57:Infinity:undefined:undefined:undefined:undefined": 7,
        "s:45:2:57:Infinity": 17,
        "s:46:29:46:Infinity": 18,
        "b:47:4:51:Infinity:undefined:undefined:undefined:undefined": 8,
        "s:47:4:51:Infinity": 19,
        "s:48:6:50:Infinity": 20,
        "b:49:11:49:Infinity:50:10:50:Infinity": 9,
        "s:52:18:52:Infinity": 21,
        "b:53:4:55:Infinity:undefined:undefined:undefined:undefined": 10,
        "s:53:4:55:Infinity": 22,
        "s:54:6:54:Infinity": 23,
        "s:56:4:56:Infinity": 24,
        "s:59:18:59:Infinity": 25,
        "b:59:32:59:54:59:54:59:Infinity": 11,
        "s:61:19:61:Infinity": 26,
        "b:62:2:65:Infinity:undefined:undefined:undefined:undefined": 12,
        "s:62:2:65:Infinity": 27,
        "s:63:25:63:Infinity": 28,
        "s:64:4:64:Infinity": 29,
        "s:67:22:67:Infinity": 30,
        "b:68:2:71:Infinity:undefined:undefined:undefined:undefined": 13,
        "s:68:2:71:Infinity": 31,
        "s:69:27:69:Infinity": 32,
        "b:69:55:69:104:69:104:69:Infinity": 14,
        "s:70:4:70:Infinity": 33,
        "s:73:25:73:Infinity": 34,
        "s:75:20:75:Infinity": 35,
        "b:76:2:81:Infinity:79:9:81:Infinity": 15,
        "s:76:2:81:Infinity": 36,
        "s:77:28:77:Infinity": 37,
        "b:77:50:77:74:77:74:77:Infinity": 16,
        "s:78:4:78:Infinity": 38,
        "b:79:9:81:Infinity:undefined:undefined:undefined:undefined": 17,
        "s:79:9:81:Infinity": 39,
        "s:80:4:80:Infinity": 40,
        "s:83:24:83:Infinity": 41,
        "s:85:26:85:Infinity": 42,
        "s:86:26:86:Infinity": 43,
        "s:88:8:88:Infinity": 44,
        "s:90:20:92:Infinity": 45,
        "b:91:6:91:Infinity:92:6:92:Infinity": 18,
        "s:94:20:94:Infinity": 46,
        "s:95:25:95:Infinity": 47,
        "s:96:22:96:Infinity": 48,
        "s:98:22:98:Infinity": 49,
        "b:98:44:98:72:98:72:98:Infinity": 19,
        "s:99:21:99:Infinity": 50,
        "s:100:25:100:Infinity": 51,
        "s:101:23:101:Infinity": 52,
        "b:101:35:101:118:101:118:101:Infinity": 20,
        "s:103:2:127:Infinity": 53,
        "f:130:16:130:Infinity": 1,
        "b:141:21:141:Infinity": 21,
        "s:143:26:143:Infinity": 54,
        "s:144:19:144:Infinity": 55,
        "s:146:29:146:Infinity": 56,
        "s:148:28:148:Infinity": 57,
        "b:149:2:151:Infinity:undefined:undefined:undefined:undefined": 22,
        "s:149:2:151:Infinity": 58,
        "s:150:4:150:Infinity": 59,
        "b:152:2:155:Infinity:undefined:undefined:undefined:undefined": 23,
        "s:152:2:155:Infinity": 60,
        "s:153:23:153:Infinity": 61,
        "s:154:4:154:Infinity": 62,
        "s:157:21:157:Infinity": 63,
        "b:158:2:166:Infinity:undefined:undefined:undefined:undefined": 24,
        "s:158:2:166:Infinity": 64,
        "s:159:27:159:Infinity": 65,
        "s:160:31:160:Infinity": 66,
        "b:160:52:160:91:160:91:160:Infinity": 25,
        "s:161:28:161:Infinity": 67,
        "b:162:4:164:Infinity:undefined:undefined:undefined:undefined": 26,
        "s:162:4:164:Infinity": 68,
        "s:163:6:163:Infinity": 69,
        "b:163:54:163:104:163:104:163:Infinity": 27,
        "s:165:4:165:Infinity": 70,
        "s:168:22:168:Infinity": 71,
        "b:169:2:174:Infinity:undefined:undefined:undefined:undefined": 28,
        "s:169:2:174:Infinity": 72,
        "s:170:22:170:Infinity": 73,
        "b:170:53:170:98:170:98:170:Infinity": 29,
        "s:171:20:171:Infinity": 74,
        "s:172:24:172:Infinity": 75,
        "b:172:56:172:102:172:102:172:Infinity": 30,
        "s:173:4:173:Infinity": 76,
        "s:176:18:176:Infinity": 77,
        "b:176:32:176:54:176:54:176:Infinity": 31,
        "s:178:19:178:Infinity": 78,
        "b:179:2:182:Infinity:undefined:undefined:undefined:undefined": 32,
        "s:179:2:182:Infinity": 79,
        "s:180:25:180:Infinity": 80,
        "s:181:4:181:Infinity": 81,
        "s:184:22:184:Infinity": 82,
        "b:185:2:188:Infinity:undefined:undefined:undefined:undefined": 33,
        "s:185:2:188:Infinity": 83,
        "s:186:27:186:Infinity": 84,
        "b:186:55:186:104:186:104:186:Infinity": 34,
        "s:187:4:187:Infinity": 85,
        "s:190:25:190:Infinity": 86,
        "s:192:20:192:Infinity": 87,
        "b:193:2:198:Infinity:196:9:198:Infinity": 35,
        "s:193:2:198:Infinity": 88,
        "s:194:28:194:Infinity": 89,
        "b:194:50:194:74:194:74:194:Infinity": 36,
        "s:195:4:195:Infinity": 90,
        "b:196:9:198:Infinity:undefined:undefined:undefined:undefined": 37,
        "s:196:9:198:Infinity": 91,
        "s:197:4:197:Infinity": 92,
        "s:200:24:200:Infinity": 93,
        "s:202:26:202:Infinity": 94,
        "s:203:26:203:Infinity": 95,
        "s:205:8:205:Infinity": 96,
        "s:207:20:209:Infinity": 97,
        "b:208:6:208:Infinity:209:6:209:Infinity": 38,
        "s:211:20:211:Infinity": 98,
        "s:212:25:212:Infinity": 99,
        "s:213:22:213:Infinity": 100,
        "s:215:22:215:Infinity": 101,
        "s:216:22:216:Infinity": 102,
        "b:216:55:216:79:216:79:216:Infinity": 39,
        "b:216:22:216:37:216:37:216:55": 40,
        "s:217:25:217:Infinity": 103,
        "s:218:23:218:Infinity": 104,
        "b:218:35:218:118:218:118:218:Infinity": 41,
        "s:220:2:244:Infinity": 105,
        "f:247:16:247:Infinity": 2,
        "s:253:20:253:Infinity": 106,
        "s:254:25:254:Infinity": 107,
        "s:255:17:255:Infinity": 108,
        "s:256:23:256:Infinity": 109,
        "b:256:46:256:80:256:80:256:Infinity": 42,
        "s:257:2:257:Infinity": 110,
        "f:260:16:260:Infinity": 3,
        "s:264:18:264:Infinity": 111,
        "s:265:15:265:Infinity": 112,
        "s:266:17:266:Infinity": 113,
        "s:267:2:267:Infinity": 114,
        "f:270:16:270:Infinity": 4,
        "s:274:18:274:Infinity": 115,
        "s:275:25:275:Infinity": 116,
        "b:275:41:275:69:275:69:275:Infinity": 43,
        "s:276:2:280:Infinity": 117,
        "b:277:37:277:47:277:47:277:Infinity": 44,
        "f:283:16:283:Infinity": 5,
        "s:290:8:290:Infinity": 118,
        "s:291:22:291:Infinity": 119,
        "s:292:17:292:Infinity": 120,
        "s:293:16:293:Infinity": 121,
        "s:294:21:294:Infinity": 122,
        "s:295:2:295:Infinity": 123
      }
    }
  }
}
